mode: set
github.com/sap/project-kb/kaybee/internal/filesystem/file.go:23.37,25.2 1 1
github.com/sap/project-kb/kaybee/internal/filesystem/file.go:28.38,30.2 1 1
github.com/sap/project-kb/kaybee/internal/filesystem/file.go:34.47,37.85 2 0
github.com/sap/project-kb/kaybee/internal/filesystem/file.go:50.2,50.18 1 0
github.com/sap/project-kb/kaybee/internal/filesystem/file.go:37.85,38.30 1 0
github.com/sap/project-kb/kaybee/internal/filesystem/file.go:45.3,45.13 1 0
github.com/sap/project-kb/kaybee/internal/filesystem/file.go:38.30,39.36 1 0
github.com/sap/project-kb/kaybee/internal/filesystem/file.go:39.36,40.54 1 0
github.com/sap/project-kb/kaybee/internal/filesystem/file.go:40.54,42.6 1 0
github.com/sap/project-kb/kaybee/internal/filesystem/file.go:46.17,48.3 1 0
github.com/sap/project-kb/kaybee/internal/filesystem/file.go:54.35,55.48 1 1
github.com/sap/project-kb/kaybee/internal/filesystem/file.go:58.2,58.12 1 1
github.com/sap/project-kb/kaybee/internal/filesystem/file.go:55.48,57.3 1 0
github.com/sap/project-kb/kaybee/internal/filesystem/file.go:62.30,63.51 1 1
github.com/sap/project-kb/kaybee/internal/filesystem/file.go:69.2,69.14 1 1
github.com/sap/project-kb/kaybee/internal/filesystem/file.go:63.51,64.24 1 1
github.com/sap/project-kb/kaybee/internal/filesystem/file.go:67.3,67.15 1 1
github.com/sap/project-kb/kaybee/internal/filesystem/file.go:64.24,66.4 1 1
github.com/sap/project-kb/kaybee/internal/filesystem/file.go:73.31,74.51 1 1
github.com/sap/project-kb/kaybee/internal/filesystem/file.go:83.2,83.14 1 0
github.com/sap/project-kb/kaybee/internal/filesystem/file.go:74.51,75.17 1 1
github.com/sap/project-kb/kaybee/internal/filesystem/file.go:78.3,78.28 1 1
github.com/sap/project-kb/kaybee/internal/filesystem/file.go:81.3,81.15 1 0
github.com/sap/project-kb/kaybee/internal/filesystem/file.go:75.17,77.4 1 1
github.com/sap/project-kb/kaybee/internal/filesystem/file.go:78.28,80.4 1 1
github.com/sap/project-kb/kaybee/internal/filesystem/file.go:88.60,90.55 2 1
github.com/sap/project-kb/kaybee/internal/filesystem/file.go:94.2,94.95 1 1
github.com/sap/project-kb/kaybee/internal/filesystem/file.go:90.55,92.3 1 1
github.com/sap/project-kb/kaybee/internal/filesystem/file.go:107.46,109.2 1 0
github.com/sap/project-kb/kaybee/internal/filesystem/file.go:121.48,123.2 1 0
github.com/sap/project-kb/kaybee/internal/filesystem/file.go:126.35,128.24 2 0
github.com/sap/project-kb/kaybee/internal/filesystem/file.go:131.2,131.13 1 0
github.com/sap/project-kb/kaybee/internal/filesystem/file.go:128.24,130.3 1 0
github.com/sap/project-kb/kaybee/internal/conf/parse.go:30.49,39.16 6 1
github.com/sap/project-kb/kaybee/internal/conf/parse.go:45.2,52.15 5 1
github.com/sap/project-kb/kaybee/internal/conf/parse.go:39.16,42.3 2 0
github.com/sap/project-kb/kaybee/internal/conf/parse.go:57.51,59.2 1 0
github.com/sap/project-kb/kaybee/internal/conf/parse.go:65.60,67.47 1 1
github.com/sap/project-kb/kaybee/internal/conf/parse.go:71.2,72.46 2 1
github.com/sap/project-kb/kaybee/internal/conf/parse.go:77.2,77.40 1 1
github.com/sap/project-kb/kaybee/internal/conf/parse.go:98.2,98.59 1 1
github.com/sap/project-kb/kaybee/internal/conf/parse.go:67.47,69.3 1 0
github.com/sap/project-kb/kaybee/internal/conf/parse.go:72.46,74.3 1 0
github.com/sap/project-kb/kaybee/internal/conf/parse.go:77.40,78.18 1 1
github.com/sap/project-kb/kaybee/internal/conf/parse.go:79.13,83.26 4 1
github.com/sap/project-kb/kaybee/internal/conf/parse.go:92.11,93.61 1 1
github.com/sap/project-kb/kaybee/internal/conf/parse.go:103.56,111.33 2 1
github.com/sap/project-kb/kaybee/internal/conf/parse.go:120.2,120.34 1 1
github.com/sap/project-kb/kaybee/internal/conf/parse.go:125.2,125.33 1 1
github.com/sap/project-kb/kaybee/internal/conf/parse.go:135.2,135.46 1 1
github.com/sap/project-kb/kaybee/internal/conf/parse.go:139.2,147.13 2 1
github.com/sap/project-kb/kaybee/internal/conf/parse.go:111.33,118.3 1 1
github.com/sap/project-kb/kaybee/internal/conf/parse.go:120.34,123.3 1 1
github.com/sap/project-kb/kaybee/internal/conf/parse.go:125.33,133.3 1 1
github.com/sap/project-kb/kaybee/internal/conf/parse.go:135.46,137.3 1 1
github.com/sap/project-kb/kaybee/internal/conf/conf.go:53.40,55.11 2 1
github.com/sap/project-kb/kaybee/internal/conf/conf.go:65.2,65.13 1 0
github.com/sap/project-kb/kaybee/internal/conf/conf.go:56.16,57.16 1 1
github.com/sap/project-kb/kaybee/internal/conf/conf.go:58.14,59.14 1 1
github.com/sap/project-kb/kaybee/internal/conf/conf.go:60.16,61.16 1 0
github.com/sap/project-kb/kaybee/internal/conf/conf.go:62.16,63.16 1 0
github.com/sap/project-kb/kaybee/internal/conf/conf.go:68.33,69.11 1 0
github.com/sap/project-kb/kaybee/internal/conf/conf.go:79.2,79.15 1 0
github.com/sap/project-kb/kaybee/internal/conf/conf.go:70.14,71.18 1 0
github.com/sap/project-kb/kaybee/internal/conf/conf.go:72.12,73.16 1 0
github.com/sap/project-kb/kaybee/internal/conf/conf.go:74.14,75.18 1 0
github.com/sap/project-kb/kaybee/internal/conf/conf.go:76.14,77.18 1 0
github.com/sap/project-kb/kaybee/internal/conf/conf.go:92.42,94.2 1 1
github.com/sap/project-kb/kaybee/internal/conf/conf.go:97.44,99.2 1 1
github.com/sap/project-kb/kaybee/internal/conf/conf.go:102.57,104.2 1 0
github.com/sap/project-kb/kaybee/internal/conf/conf.go:107.42,109.2 1 0
github.com/sap/project-kb/kaybee/internal/conf/conf.go:112.45,114.2 1 0
github.com/sap/project-kb/kaybee/internal/conf/conf.go:117.56,119.2 1 0
github.com/sap/project-kb/kaybee/internal/conf/conf.go:122.51,124.2 1 0
github.com/sap/project-kb/kaybee/internal/model/policy_strict.go:17.31,22.2 2 1
github.com/sap/project-kb/kaybee/internal/model/policy_strict.go:28.73,36.2 2 0
github.com/sap/project-kb/kaybee/internal/model/policy_strict.go:39.102,45.23 4 1
github.com/sap/project-kb/kaybee/internal/model/policy_strict.go:75.2,75.29 1 1
github.com/sap/project-kb/kaybee/internal/model/policy_strict.go:45.23,49.37 3 1
github.com/sap/project-kb/kaybee/internal/model/policy_strict.go:71.3,71.25 1 1
github.com/sap/project-kb/kaybee/internal/model/policy_strict.go:49.37,62.4 6 1
github.com/sap/project-kb/kaybee/internal/model/policy_strict.go:62.9,70.4 1 1
github.com/sap/project-kb/kaybee/internal/model/statement.go:36.45,41.2 2 1
github.com/sap/project-kb/kaybee/internal/model/statement.go:44.50,47.2 2 1
github.com/sap/project-kb/kaybee/internal/model/statement.go:88.29,89.18 1 0
github.com/sap/project-kb/kaybee/internal/model/statement.go:99.2,99.15 1 0
github.com/sap/project-kb/kaybee/internal/model/statement.go:89.18,93.29 3 0
github.com/sap/project-kb/kaybee/internal/model/statement.go:97.3,97.41 1 0
github.com/sap/project-kb/kaybee/internal/model/statement.go:93.29,95.4 1 0
github.com/sap/project-kb/kaybee/internal/model/statement.go:103.31,105.28 2 0
github.com/sap/project-kb/kaybee/internal/model/statement.go:108.2,108.22 1 0
github.com/sap/project-kb/kaybee/internal/model/statement.go:105.28,107.3 1 0
github.com/sap/project-kb/kaybee/internal/model/statement.go:112.45,113.32 1 0
github.com/sap/project-kb/kaybee/internal/model/statement.go:117.2,117.44 1 0
github.com/sap/project-kb/kaybee/internal/model/statement.go:121.2,121.38 1 0
github.com/sap/project-kb/kaybee/internal/model/statement.go:127.2,127.13 1 0
github.com/sap/project-kb/kaybee/internal/model/statement.go:113.32,115.3 1 0
github.com/sap/project-kb/kaybee/internal/model/statement.go:117.44,119.3 1 0
github.com/sap/project-kb/kaybee/internal/model/statement.go:121.38,122.46 1 0
github.com/sap/project-kb/kaybee/internal/model/statement.go:122.46,124.4 1 0
github.com/sap/project-kb/kaybee/internal/model/statement.go:152.50,158.16 4 1
github.com/sap/project-kb/kaybee/internal/model/statement.go:162.2,162.10 1 1
github.com/sap/project-kb/kaybee/internal/model/statement.go:158.16,160.3 1 0
github.com/sap/project-kb/kaybee/internal/model/statement.go:168.47,170.54 2 0
github.com/sap/project-kb/kaybee/internal/model/statement.go:175.2,179.16 4 0
github.com/sap/project-kb/kaybee/internal/model/statement.go:183.2,183.12 1 0
github.com/sap/project-kb/kaybee/internal/model/statement.go:170.54,173.3 1 0
github.com/sap/project-kb/kaybee/internal/model/statement.go:179.16,182.3 2 0
github.com/sap/project-kb/kaybee/internal/model/statement.go:187.36,189.16 2 0
github.com/sap/project-kb/kaybee/internal/model/statement.go:193.2,193.21 1 0
github.com/sap/project-kb/kaybee/internal/model/statement.go:189.16,192.3 2 0
github.com/sap/project-kb/kaybee/internal/model/statement.go:197.75,200.43 2 0
github.com/sap/project-kb/kaybee/internal/model/statement.go:205.2,205.36 1 0
github.com/sap/project-kb/kaybee/internal/model/statement.go:215.2,215.14 1 0
github.com/sap/project-kb/kaybee/internal/model/statement.go:200.43,203.3 1 0
github.com/sap/project-kb/kaybee/internal/model/statement.go:205.36,207.22 2 0
github.com/sap/project-kb/kaybee/internal/model/statement.go:207.22,208.28 1 0
github.com/sap/project-kb/kaybee/internal/model/statement.go:208.28,209.38 1 0
github.com/sap/project-kb/kaybee/internal/model/statement.go:209.38,211.6 1 0
github.com/sap/project-kb/kaybee/internal/model/statement.go:219.71,221.23 2 0
github.com/sap/project-kb/kaybee/internal/model/statement.go:226.2,226.12 1 0
github.com/sap/project-kb/kaybee/internal/model/statement.go:221.23,222.23 1 0
github.com/sap/project-kb/kaybee/internal/model/statement.go:222.23,224.4 1 0
github.com/sap/project-kb/kaybee/internal/model/statement.go:235.31,239.2 3 1
github.com/sap/project-kb/kaybee/internal/model/statement.go:242.36,244.2 1 1
github.com/sap/project-kb/kaybee/internal/model/statement.go:247.34,249.2 1 1
github.com/sap/project-kb/kaybee/internal/model/statement.go:252.43,254.26 2 1
github.com/sap/project-kb/kaybee/internal/model/statement.go:257.2,257.13 1 1
github.com/sap/project-kb/kaybee/internal/model/statement.go:254.26,256.3 1 1
github.com/sap/project-kb/kaybee/internal/model/statement.go:261.48,262.31 1 1
github.com/sap/project-kb/kaybee/internal/model/statement.go:265.2,265.14 1 1
github.com/sap/project-kb/kaybee/internal/model/statement.go:262.31,264.3 1 1
github.com/sap/project-kb/kaybee/internal/model/statement.go:269.41,270.26 1 1
github.com/sap/project-kb/kaybee/internal/model/statement.go:270.26,272.3 1 1
github.com/sap/project-kb/kaybee/internal/model/statement.go:276.44,277.25 1 0
github.com/sap/project-kb/kaybee/internal/model/statement.go:277.25,279.3 1 0
github.com/sap/project-kb/kaybee/internal/model/statement.go:283.44,284.26 1 1
github.com/sap/project-kb/kaybee/internal/model/statement.go:284.26,286.3 1 1
github.com/sap/project-kb/kaybee/internal/model/bug.go:25.40,50.40 7 1
github.com/sap/project-kb/kaybee/internal/model/bug.go:89.2,89.45 1 1
github.com/sap/project-kb/kaybee/internal/model/bug.go:97.2,98.28 2 1
github.com/sap/project-kb/kaybee/internal/model/bug.go:101.2,105.10 2 1
github.com/sap/project-kb/kaybee/internal/model/bug.go:50.40,59.57 2 1
github.com/sap/project-kb/kaybee/internal/model/bug.go:63.3,66.31 2 1
github.com/sap/project-kb/kaybee/internal/model/bug.go:72.3,77.40 2 1
github.com/sap/project-kb/kaybee/internal/model/bug.go:59.57,61.4 1 0
github.com/sap/project-kb/kaybee/internal/model/bug.go:66.31,68.4 1 1
github.com/sap/project-kb/kaybee/internal/model/bug.go:77.40,81.4 3 1
github.com/sap/project-kb/kaybee/internal/model/bug.go:81.9,83.4 1 1
github.com/sap/project-kb/kaybee/internal/model/bug.go:89.45,95.3 2 1
github.com/sap/project-kb/kaybee/internal/model/bug.go:98.28,100.3 1 1
github.com/sap/project-kb/kaybee/internal/model/mergelog.go:20.47,24.2 1 1
github.com/sap/project-kb/kaybee/internal/model/mergelog.go:27.49,30.2 2 1
github.com/sap/project-kb/kaybee/internal/model/mergelog.go:33.47,35.2 1 1
github.com/sap/project-kb/kaybee/internal/model/mergelog.go:38.43,46.16 2 1
github.com/sap/project-kb/kaybee/internal/model/mergelog.go:49.2,51.33 2 1
github.com/sap/project-kb/kaybee/internal/model/mergelog.go:62.2,63.16 2 0
github.com/sap/project-kb/kaybee/internal/model/mergelog.go:46.16,48.3 1 1
github.com/sap/project-kb/kaybee/internal/model/mergelog.go:51.33,54.17 2 1
github.com/sap/project-kb/kaybee/internal/model/mergelog.go:54.17,58.4 3 1
github.com/sap/project-kb/kaybee/internal/model/mergelog.go:63.16,66.3 2 0
github.com/sap/project-kb/kaybee/internal/model/mergelog.go:88.51,92.41 2 1
github.com/sap/project-kb/kaybee/internal/model/mergelog.go:96.2,105.15 2 1
github.com/sap/project-kb/kaybee/internal/model/mergelog.go:92.41,94.3 1 1
github.com/sap/project-kb/kaybee/internal/model/policy.go:29.68,34.2 1 1
github.com/sap/project-kb/kaybee/internal/model/policy.go:37.97,42.2 1 1
github.com/sap/project-kb/kaybee/internal/model/policy_null.go:7.29,10.2 2 1
github.com/sap/project-kb/kaybee/internal/model/policy_null.go:13.72,20.2 1 1
github.com/sap/project-kb/kaybee/internal/model/policy_null.go:23.101,25.2 1 0
github.com/sap/project-kb/kaybee/internal/model/policy_smart.go:13.30,18.2 2 1
github.com/sap/project-kb/kaybee/internal/model/policy_smart.go:21.101,27.24 3 1
github.com/sap/project-kb/kaybee/internal/model/policy_smart.go:44.2,44.29 1 1
github.com/sap/project-kb/kaybee/internal/model/policy_smart.go:27.24,42.3 4 1
github.com/sap/project-kb/kaybee/internal/model/policy_smart.go:48.72,59.54 4 1
github.com/sap/project-kb/kaybee/internal/model/policy_smart.go:75.2,82.24 2 1
github.com/sap/project-kb/kaybee/internal/model/policy_smart.go:59.54,60.34 1 1
github.com/sap/project-kb/kaybee/internal/model/policy_smart.go:69.3,69.40 1 1
github.com/sap/project-kb/kaybee/internal/model/policy_smart.go:60.34,68.4 2 1
github.com/sap/project-kb/kaybee/internal/model/policy_smart.go:69.40,72.4 1 1
github.com/sap/project-kb/kaybee/internal/model/policy_smart.go:87.69,90.2 2 1
github.com/sap/project-kb/kaybee/internal/model/policy_soft.go:21.29,26.2 2 1
github.com/sap/project-kb/kaybee/internal/model/policy_soft.go:29.71,41.31 7 1
github.com/sap/project-kb/kaybee/internal/model/policy_soft.go:44.2,45.16 2 1
github.com/sap/project-kb/kaybee/internal/model/policy_soft.go:61.2,66.3 1 0
github.com/sap/project-kb/kaybee/internal/model/policy_soft.go:41.31,43.3 1 1
github.com/sap/project-kb/kaybee/internal/model/policy_soft.go:45.16,53.3 2 1
github.com/sap/project-kb/kaybee/internal/model/policy_soft.go:70.100,76.24 4 1
github.com/sap/project-kb/kaybee/internal/model/policy_soft.go:105.2,105.29 1 1
github.com/sap/project-kb/kaybee/internal/model/policy_soft.go:76.24,80.37 3 1
github.com/sap/project-kb/kaybee/internal/model/policy_soft.go:102.3,102.25 1 1
github.com/sap/project-kb/kaybee/internal/model/policy_soft.go:80.37,91.4 3 1
github.com/sap/project-kb/kaybee/internal/model/policy_soft.go:91.9,100.4 1 1
github.com/sap/project-kb/kaybee/internal/model/policy_soft.go:111.88,114.34 2 1
github.com/sap/project-kb/kaybee/internal/model/policy_soft.go:120.2,120.26 1 1
github.com/sap/project-kb/kaybee/internal/model/policy_soft.go:124.2,124.12 1 1
github.com/sap/project-kb/kaybee/internal/model/policy_soft.go:114.34,115.34 1 1
github.com/sap/project-kb/kaybee/internal/model/policy_soft.go:115.34,117.4 1 1
github.com/sap/project-kb/kaybee/internal/model/policy_soft.go:120.26,122.3 1 1
github.com/sap/project-kb/kaybee/internal/model/policy_soft.go:146.94,154.31 6 1
github.com/sap/project-kb/kaybee/internal/model/policy_soft.go:178.2,180.22 2 1
github.com/sap/project-kb/kaybee/internal/model/policy_soft.go:184.2,186.12 2 0
github.com/sap/project-kb/kaybee/internal/model/policy_soft.go:154.31,155.23 1 1
github.com/sap/project-kb/kaybee/internal/model/policy_soft.go:155.23,156.39 1 1
github.com/sap/project-kb/kaybee/internal/model/policy_soft.go:160.4,160.40 1 1
github.com/sap/project-kb/kaybee/internal/model/policy_soft.go:165.4,170.44 6 1
github.com/sap/project-kb/kaybee/internal/model/policy_soft.go:156.39,157.13 1 0
github.com/sap/project-kb/kaybee/internal/model/policy_soft.go:160.40,162.13 2 1
github.com/sap/project-kb/kaybee/internal/model/policy_soft.go:172.9,174.4 1 0
github.com/sap/project-kb/kaybee/internal/model/policy_soft.go:180.22,182.3 1 1
github.com/sap/project-kb/kaybee/internal/strings/utils.go:9.59,12.32 2 1
github.com/sap/project-kb/kaybee/internal/strings/utils.go:19.2,20.71 2 1
github.com/sap/project-kb/kaybee/internal/strings/utils.go:23.2,23.31 1 1
github.com/sap/project-kb/kaybee/internal/strings/utils.go:12.32,14.61 2 0
github.com/sap/project-kb/kaybee/internal/strings/utils.go:17.3,17.16 1 0
github.com/sap/project-kb/kaybee/internal/strings/utils.go:14.61,16.4 1 0
github.com/sap/project-kb/kaybee/internal/strings/utils.go:20.71,22.3 1 1
github.com/sap/project-kb/kaybee/internal/strings/utils.go:27.42,28.22 1 0
github.com/sap/project-kb/kaybee/internal/strings/utils.go:33.2,33.14 1 0
github.com/sap/project-kb/kaybee/internal/strings/utils.go:28.22,29.13 1 0
github.com/sap/project-kb/kaybee/internal/strings/utils.go:29.13,31.4 1 0
github.com/sap/project-kb/kaybee/cmd/create.go:26.13,29.2 2 1
github.com/sap/project-kb/kaybee/cmd/create.go:31.50,37.2 3 0
github.com/sap/project-kb/kaybee/cmd/export.go:32.13,38.2 4 1
github.com/sap/project-kb/kaybee/cmd/export.go:40.52,42.2 1 0
github.com/sap/project-kb/kaybee/cmd/export.go:44.30,63.2 3 0
github.com/sap/project-kb/kaybee/cmd/import.go:13.36,21.2 1 1
github.com/sap/project-kb/kaybee/cmd/import.go:36.13,42.2 5 1
github.com/sap/project-kb/kaybee/cmd/import.go:44.50,53.2 3 0
github.com/sap/project-kb/kaybee/cmd/push.go:26.13,38.2 1 1
github.com/sap/project-kb/kaybee/cmd/push.go:40.48,44.2 3 0
github.com/sap/project-kb/kaybee/cmd/version.go:29.47,34.3 4 0
github.com/sap/project-kb/kaybee/cmd/version.go:37.13,49.2 1 1
github.com/sap/project-kb/kaybee/cmd/version.go:51.20,62.2 3 0
github.com/sap/project-kb/kaybee/cmd/merge.go:35.13,43.2 3 1
github.com/sap/project-kb/kaybee/cmd/merge.go:45.49,46.13 1 0
github.com/sap/project-kb/kaybee/cmd/merge.go:50.2,50.14 1 0
github.com/sap/project-kb/kaybee/cmd/merge.go:58.2,65.13 4 0
github.com/sap/project-kb/kaybee/cmd/merge.go:46.13,48.3 1 0
github.com/sap/project-kb/kaybee/cmd/merge.go:50.14,51.14 1 0
github.com/sap/project-kb/kaybee/cmd/merge.go:51.14,53.4 1 0
github.com/sap/project-kb/kaybee/cmd/merge.go:54.8,56.3 1 0
github.com/sap/project-kb/kaybee/cmd/merge.go:65.13,67.3 1 0
github.com/sap/project-kb/kaybee/cmd/pull.go:27.13,29.2 1 1
github.com/sap/project-kb/kaybee/cmd/pull.go:31.48,37.2 3 0
github.com/sap/project-kb/kaybee/cmd/purge.go:51.47,53.3 1 0
github.com/sap/project-kb/kaybee/cmd/purge.go:56.13,59.2 2 1
github.com/sap/project-kb/kaybee/cmd/purge.go:61.29,64.22 2 0
github.com/sap/project-kb/kaybee/cmd/purge.go:68.2,69.16 2 0
github.com/sap/project-kb/kaybee/cmd/purge.go:73.2,73.29 1 0
github.com/sap/project-kb/kaybee/cmd/purge.go:78.2,78.35 1 0
github.com/sap/project-kb/kaybee/cmd/purge.go:102.2,102.34 1 0
github.com/sap/project-kb/kaybee/cmd/purge.go:64.22,66.3 1 0
github.com/sap/project-kb/kaybee/cmd/purge.go:69.16,71.3 1 0
github.com/sap/project-kb/kaybee/cmd/purge.go:73.29,76.3 2 0
github.com/sap/project-kb/kaybee/cmd/purge.go:78.35,79.16 1 0
github.com/sap/project-kb/kaybee/cmd/purge.go:79.16,81.18 2 0
github.com/sap/project-kb/kaybee/cmd/purge.go:84.4,90.33 5 0
github.com/sap/project-kb/kaybee/cmd/purge.go:81.18,83.5 1 0
github.com/sap/project-kb/kaybee/cmd/purge.go:90.33,91.16 1 0
github.com/sap/project-kb/kaybee/cmd/purge.go:91.16,94.6 2 0
github.com/sap/project-kb/kaybee/cmd/purge.go:95.10,96.16 1 0
github.com/sap/project-kb/kaybee/cmd/purge.go:96.16,98.6 1 0
github.com/sap/project-kb/kaybee/cmd/root.go:30.48,32.3 0 0
github.com/sap/project-kb/kaybee/cmd/root.go:37.16,39.23 1 0
github.com/sap/project-kb/kaybee/cmd/root.go:44.2,44.42 1 0
github.com/sap/project-kb/kaybee/cmd/root.go:39.23,43.3 2 0
github.com/sap/project-kb/kaybee/cmd/root.go:44.42,47.3 2 0
github.com/sap/project-kb/kaybee/cmd/root.go:50.13,55.2 3 1
github.com/sap/project-kb/kaybee/cmd/root.go:57.19,60.16 2 0
github.com/sap/project-kb/kaybee/cmd/root.go:64.2,65.13 2 0
github.com/sap/project-kb/kaybee/cmd/root.go:69.2,70.16 2 0
github.com/sap/project-kb/kaybee/cmd/root.go:73.2,73.19 1 0
github.com/sap/project-kb/kaybee/cmd/root.go:60.16,62.3 1 0
github.com/sap/project-kb/kaybee/cmd/root.go:65.13,67.3 1 0
github.com/sap/project-kb/kaybee/cmd/root.go:70.16,72.3 1 0
github.com/sap/project-kb/kaybee/cmd/setup.go:33.13,37.2 3 1
github.com/sap/project-kb/kaybee/cmd/setup.go:39.49,42.17 2 0
github.com/sap/project-kb/kaybee/cmd/setup.go:49.2,54.32 4 0
github.com/sap/project-kb/kaybee/cmd/setup.go:42.17,45.3 2 0
github.com/sap/project-kb/kaybee/cmd/setup.go:45.8,47.3 1 0
github.com/sap/project-kb/kaybee/internal/repository/repository.go:43.99,54.30 9 1
github.com/sap/project-kb/kaybee/internal/repository/repository.go:70.2,70.10 1 1
github.com/sap/project-kb/kaybee/internal/repository/repository.go:54.30,69.3 9 1
github.com/sap/project-kb/kaybee/internal/repository/repository.go:74.37,75.76 1 1
github.com/sap/project-kb/kaybee/internal/repository/repository.go:75.76,79.3 3 1
github.com/sap/project-kb/kaybee/internal/repository/repository.go:83.29,90.2 4 1
github.com/sap/project-kb/kaybee/internal/repository/repository.go:96.42,98.13 2 1
github.com/sap/project-kb/kaybee/internal/repository/repository.go:101.2,101.31 1 1
github.com/sap/project-kb/kaybee/internal/repository/repository.go:121.2,133.13 8 1
github.com/sap/project-kb/kaybee/internal/repository/repository.go:137.2,139.13 2 1
github.com/sap/project-kb/kaybee/internal/repository/repository.go:98.13,100.3 1 0
github.com/sap/project-kb/kaybee/internal/repository/repository.go:101.31,109.3 3 1
github.com/sap/project-kb/kaybee/internal/repository/repository.go:109.8,110.14 1 1
github.com/sap/project-kb/kaybee/internal/repository/repository.go:113.3,115.11 3 1
github.com/sap/project-kb/kaybee/internal/repository/repository.go:110.14,112.4 1 0
github.com/sap/project-kb/kaybee/internal/repository/repository.go:133.13,136.3 1 0
github.com/sap/project-kb/kaybee/internal/repository/repository.go:139.13,141.3 1 0
github.com/sap/project-kb/kaybee/internal/repository/repository.go:145.62,159.62 4 1
github.com/sap/project-kb/kaybee/internal/repository/repository.go:221.2,221.15 1 1
github.com/sap/project-kb/kaybee/internal/repository/repository.go:159.62,161.65 2 1
github.com/sap/project-kb/kaybee/internal/repository/repository.go:217.3,217.13 1 1
github.com/sap/project-kb/kaybee/internal/repository/repository.go:161.65,164.46 2 1
github.com/sap/project-kb/kaybee/internal/repository/repository.go:168.4,169.18 2 1
github.com/sap/project-kb/kaybee/internal/repository/repository.go:173.4,175.18 3 1
github.com/sap/project-kb/kaybee/internal/repository/repository.go:180.4,180.56 1 1
github.com/sap/project-kb/kaybee/internal/repository/repository.go:185.4,185.59 1 1
github.com/sap/project-kb/kaybee/internal/repository/repository.go:164.46,167.5 2 0
github.com/sap/project-kb/kaybee/internal/repository/repository.go:169.18,171.5 1 0
github.com/sap/project-kb/kaybee/internal/repository/repository.go:175.18,178.5 2 0
github.com/sap/project-kb/kaybee/internal/repository/repository.go:180.56,183.5 2 0
github.com/sap/project-kb/kaybee/internal/repository/repository.go:185.59,186.17 1 1
github.com/sap/project-kb/kaybee/internal/repository/repository.go:193.5,214.26 4 1
github.com/sap/project-kb/kaybee/internal/repository/repository.go:186.17,187.28 1 1
github.com/sap/project-kb/kaybee/internal/repository/repository.go:187.28,190.7 2 0
github.com/sap/project-kb/kaybee/internal/repository/repository.go:218.17,220.3 1 0
github.com/sap/project-kb/kaybee/internal/repository/repository.go:225.58,226.30 1 1
github.com/sap/project-kb/kaybee/internal/repository/repository.go:235.2,235.14 1 0
github.com/sap/project-kb/kaybee/internal/repository/repository.go:226.30,228.17 2 1
github.com/sap/project-kb/kaybee/internal/repository/repository.go:231.3,231.19 1 1
github.com/sap/project-kb/kaybee/internal/repository/repository.go:228.17,230.4 1 0
github.com/sap/project-kb/kaybee/internal/repository/repository.go:231.19,233.4 1 1
github.com/sap/project-kb/kaybee/internal/repository/repository.go:239.52,242.16 2 1
github.com/sap/project-kb/kaybee/internal/repository/repository.go:246.2,246.32 1 1
github.com/sap/project-kb/kaybee/internal/repository/repository.go:250.2,250.123 1 1
github.com/sap/project-kb/kaybee/internal/repository/repository.go:242.16,244.3 1 0
github.com/sap/project-kb/kaybee/internal/repository/repository.go:246.32,248.3 1 0
github.com/sap/project-kb/kaybee/internal/repository/repository.go:254.55,256.16 2 0
github.com/sap/project-kb/kaybee/internal/repository/repository.go:259.2,259.33 1 0
github.com/sap/project-kb/kaybee/internal/repository/repository.go:256.16,258.3 1 0
github.com/sap/project-kb/kaybee/internal/repository/repository.go:262.43,267.16 4 1
github.com/sap/project-kb/kaybee/internal/repository/repository.go:267.16,269.3 1 0
github.com/sap/project-kb/kaybee/internal/tasks/task.go:19.36,21.2 1 0
github.com/sap/project-kb/kaybee/internal/tasks/task.go:23.36,25.2 1 0
github.com/sap/project-kb/kaybee/internal/tasks/create.go:26.34,32.2 2 0
github.com/sap/project-kb/kaybee/internal/tasks/create.go:35.58,38.2 2 0
github.com/sap/project-kb/kaybee/internal/tasks/create.go:41.47,43.17 1 0
github.com/sap/project-kb/kaybee/internal/tasks/create.go:116.2,116.13 1 0
github.com/sap/project-kb/kaybee/internal/tasks/create.go:43.17,53.3 4 0
github.com/sap/project-kb/kaybee/internal/tasks/create.go:61.3,64.28 2 0
github.com/sap/project-kb/kaybee/internal/tasks/create.go:53.3,54.38 1 0
github.com/sap/project-kb/kaybee/internal/tasks/create.go:54.38,58.5 1 0
github.com/sap/project-kb/kaybee/internal/tasks/create.go:66.8,114.3 7 0
github.com/sap/project-kb/kaybee/internal/tasks/export.go:29.34,33.2 2 0
github.com/sap/project-kb/kaybee/internal/tasks/export.go:36.55,37.13 1 0
github.com/sap/project-kb/kaybee/internal/tasks/export.go:40.2,41.10 2 0
github.com/sap/project-kb/kaybee/internal/tasks/export.go:37.13,39.3 1 0
github.com/sap/project-kb/kaybee/internal/tasks/export.go:45.60,46.18 1 0
github.com/sap/project-kb/kaybee/internal/tasks/export.go:49.2,50.10 2 0
github.com/sap/project-kb/kaybee/internal/tasks/export.go:46.18,48.3 1 0
github.com/sap/project-kb/kaybee/internal/tasks/export.go:54.60,57.2 2 0
github.com/sap/project-kb/kaybee/internal/tasks/export.go:60.66,63.2 2 0
github.com/sap/project-kb/kaybee/internal/tasks/export.go:66.81,69.2 2 0
github.com/sap/project-kb/kaybee/internal/tasks/export.go:71.43,72.20 1 0
github.com/sap/project-kb/kaybee/internal/tasks/export.go:76.2,76.20 1 0
github.com/sap/project-kb/kaybee/internal/tasks/export.go:80.2,80.24 1 0
github.com/sap/project-kb/kaybee/internal/tasks/export.go:84.2,84.24 1 0
github.com/sap/project-kb/kaybee/internal/tasks/export.go:88.2,88.13 1 0
github.com/sap/project-kb/kaybee/internal/tasks/export.go:72.20,75.3 2 0
github.com/sap/project-kb/kaybee/internal/tasks/export.go:76.20,79.3 2 0
github.com/sap/project-kb/kaybee/internal/tasks/export.go:80.24,83.3 2 0
github.com/sap/project-kb/kaybee/internal/tasks/export.go:84.24,87.3 2 0
github.com/sap/project-kb/kaybee/internal/tasks/export.go:98.47,108.32 6 0
github.com/sap/project-kb/kaybee/internal/tasks/export.go:139.2,142.30 2 0
github.com/sap/project-kb/kaybee/internal/tasks/export.go:163.2,163.24 1 0
github.com/sap/project-kb/kaybee/internal/tasks/export.go:169.2,170.16 2 0
github.com/sap/project-kb/kaybee/internal/tasks/export.go:175.2,176.16 2 0
github.com/sap/project-kb/kaybee/internal/tasks/export.go:180.2,181.31 2 0
github.com/sap/project-kb/kaybee/internal/tasks/export.go:193.2,194.16 2 0
github.com/sap/project-kb/kaybee/internal/tasks/export.go:198.2,200.13 2 0
github.com/sap/project-kb/kaybee/internal/tasks/export.go:108.32,112.17 2 0
github.com/sap/project-kb/kaybee/internal/tasks/export.go:116.3,116.26 1 0
github.com/sap/project-kb/kaybee/internal/tasks/export.go:112.17,114.4 1 0
github.com/sap/project-kb/kaybee/internal/tasks/export.go:116.26,119.41 2 0
github.com/sap/project-kb/kaybee/internal/tasks/export.go:122.4,122.78 1 0
github.com/sap/project-kb/kaybee/internal/tasks/export.go:119.41,120.13 1 0
github.com/sap/project-kb/kaybee/internal/tasks/export.go:124.8,126.3 1 0
github.com/sap/project-kb/kaybee/internal/tasks/export.go:142.30,143.27 1 0
github.com/sap/project-kb/kaybee/internal/tasks/export.go:152.3,159.61 4 0
github.com/sap/project-kb/kaybee/internal/tasks/export.go:143.27,144.12 1 0
github.com/sap/project-kb/kaybee/internal/tasks/export.go:163.24,165.3 1 0
github.com/sap/project-kb/kaybee/internal/tasks/export.go:170.16,173.3 2 0
github.com/sap/project-kb/kaybee/internal/tasks/export.go:176.16,178.3 1 0
github.com/sap/project-kb/kaybee/internal/tasks/export.go:181.31,182.67 1 0
github.com/sap/project-kb/kaybee/internal/tasks/export.go:186.3,187.17 2 0
github.com/sap/project-kb/kaybee/internal/tasks/export.go:190.3,190.16 1 0
github.com/sap/project-kb/kaybee/internal/tasks/export.go:182.67,184.12 2 0
github.com/sap/project-kb/kaybee/internal/tasks/export.go:187.17,189.4 1 0
github.com/sap/project-kb/kaybee/internal/tasks/export.go:194.16,196.3 1 0
github.com/sap/project-kb/kaybee/internal/tasks/export.go:205.75,206.32 1 0
github.com/sap/project-kb/kaybee/internal/tasks/export.go:211.2,211.14 1 0
github.com/sap/project-kb/kaybee/internal/tasks/export.go:206.32,207.21 1 0
github.com/sap/project-kb/kaybee/internal/tasks/export.go:207.21,209.4 1 0
github.com/sap/project-kb/kaybee/internal/tasks/export.go:215.43,217.28 2 0
github.com/sap/project-kb/kaybee/internal/tasks/export.go:222.2,222.33 1 0
github.com/sap/project-kb/kaybee/internal/tasks/export.go:217.28,218.29 1 0
github.com/sap/project-kb/kaybee/internal/tasks/export.go:218.29,220.4 1 0
github.com/sap/project-kb/kaybee/internal/tasks/export.go:226.42,228.28 2 0
github.com/sap/project-kb/kaybee/internal/tasks/export.go:233.2,233.49 1 0
github.com/sap/project-kb/kaybee/internal/tasks/export.go:228.28,232.3 1 0
github.com/sap/project-kb/kaybee/internal/tasks/export.go:236.38,239.2 1 0
github.com/sap/project-kb/kaybee/internal/tasks/import.go:37.34,43.2 1 0
github.com/sap/project-kb/kaybee/internal/tasks/import.go:46.62,49.2 2 0
github.com/sap/project-kb/kaybee/internal/tasks/import.go:52.57,55.2 2 0
github.com/sap/project-kb/kaybee/internal/tasks/import.go:58.51,61.2 2 0
github.com/sap/project-kb/kaybee/internal/tasks/import.go:64.59,67.2 2 0
github.com/sap/project-kb/kaybee/internal/tasks/import.go:69.43,70.21 1 0
github.com/sap/project-kb/kaybee/internal/tasks/import.go:74.2,74.26 1 0
github.com/sap/project-kb/kaybee/internal/tasks/import.go:79.2,79.13 1 0
github.com/sap/project-kb/kaybee/internal/tasks/import.go:70.21,73.3 2 0
github.com/sap/project-kb/kaybee/internal/tasks/import.go:74.26,77.3 2 0
github.com/sap/project-kb/kaybee/internal/tasks/import.go:83.47,88.16 3 0
github.com/sap/project-kb/kaybee/internal/tasks/import.go:92.2,93.26 2 0
github.com/sap/project-kb/kaybee/internal/tasks/import.go:96.2,97.13 2 0
github.com/sap/project-kb/kaybee/internal/tasks/import.go:88.16,90.3 1 0
github.com/sap/project-kb/kaybee/internal/tasks/import.go:93.26,95.3 1 0
github.com/sap/project-kb/kaybee/internal/tasks/import.go:122.124,126.16 3 0
github.com/sap/project-kb/kaybee/internal/tasks/import.go:132.2,133.16 2 0
github.com/sap/project-kb/kaybee/internal/tasks/import.go:139.2,148.41 3 0
github.com/sap/project-kb/kaybee/internal/tasks/import.go:167.2,167.18 1 0
github.com/sap/project-kb/kaybee/internal/tasks/import.go:126.16,129.3 2 0
github.com/sap/project-kb/kaybee/internal/tasks/import.go:133.16,134.16 1 0
github.com/sap/project-kb/kaybee/internal/tasks/import.go:134.16,136.4 1 0
github.com/sap/project-kb/kaybee/internal/tasks/import.go:148.41,151.14 2 0
github.com/sap/project-kb/kaybee/internal/tasks/import.go:155.3,164.5 1 0
github.com/sap/project-kb/kaybee/internal/tasks/import.go:151.14,153.4 1 0
github.com/sap/project-kb/kaybee/internal/tasks/import.go:173.56,177.19 3 0
github.com/sap/project-kb/kaybee/internal/tasks/import.go:184.2,186.22 2 0
github.com/sap/project-kb/kaybee/internal/tasks/import.go:190.2,190.12 1 0
github.com/sap/project-kb/kaybee/internal/tasks/import.go:177.19,179.24 2 0
github.com/sap/project-kb/kaybee/internal/tasks/import.go:179.24,182.4 2 0
github.com/sap/project-kb/kaybee/internal/tasks/import.go:186.22,188.3 1 0
github.com/sap/project-kb/kaybee/internal/tasks/import.go:194.32,195.27 1 0
github.com/sap/project-kb/kaybee/internal/tasks/import.go:237.2,237.12 1 0
github.com/sap/project-kb/kaybee/internal/tasks/import.go:195.27,198.17 2 0
github.com/sap/project-kb/kaybee/internal/tasks/import.go:201.3,203.17 3 0
github.com/sap/project-kb/kaybee/internal/tasks/import.go:206.3,206.50 1 0
github.com/sap/project-kb/kaybee/internal/tasks/import.go:211.3,213.17 3 0
github.com/sap/project-kb/kaybee/internal/tasks/import.go:216.3,218.17 3 0
github.com/sap/project-kb/kaybee/internal/tasks/import.go:221.3,221.62 1 0
github.com/sap/project-kb/kaybee/internal/tasks/import.go:224.3,226.35 3 0
github.com/sap/project-kb/kaybee/internal/tasks/import.go:233.3,233.34 1 0
github.com/sap/project-kb/kaybee/internal/tasks/import.go:198.17,200.4 1 0
github.com/sap/project-kb/kaybee/internal/tasks/import.go:203.17,205.4 1 0
github.com/sap/project-kb/kaybee/internal/tasks/import.go:206.50,208.4 1 0
github.com/sap/project-kb/kaybee/internal/tasks/import.go:213.17,215.4 1 0
github.com/sap/project-kb/kaybee/internal/tasks/import.go:218.17,220.4 1 0
github.com/sap/project-kb/kaybee/internal/tasks/import.go:221.62,223.4 1 0
github.com/sap/project-kb/kaybee/internal/tasks/import.go:226.35,228.29 1 0
github.com/sap/project-kb/kaybee/internal/tasks/import.go:228.29,230.5 1 0
github.com/sap/project-kb/kaybee/internal/tasks/import.go:233.34,235.4 1 0
github.com/sap/project-kb/kaybee/internal/tasks/import.go:242.66,244.16 2 0
github.com/sap/project-kb/kaybee/internal/tasks/import.go:247.2,249.16 3 0
github.com/sap/project-kb/kaybee/internal/tasks/import.go:252.2,253.52 2 0
github.com/sap/project-kb/kaybee/internal/tasks/import.go:256.2,256.18 1 0
github.com/sap/project-kb/kaybee/internal/tasks/import.go:244.16,246.3 1 0
github.com/sap/project-kb/kaybee/internal/tasks/import.go:249.16,251.3 1 0
github.com/sap/project-kb/kaybee/internal/tasks/import.go:253.52,255.3 1 0
github.com/sap/project-kb/kaybee/internal/tasks/import.go:296.70,303.2 4 0
github.com/sap/project-kb/kaybee/internal/tasks/merge.go:22.44,26.2 2 1
github.com/sap/project-kb/kaybee/internal/tasks/merge.go:29.58,30.11 1 1
github.com/sap/project-kb/kaybee/internal/tasks/merge.go:44.2,44.10 1 1
github.com/sap/project-kb/kaybee/internal/tasks/merge.go:31.19,32.16 1 1
github.com/sap/project-kb/kaybee/internal/tasks/merge.go:35.3,35.37 1 1
github.com/sap/project-kb/kaybee/internal/tasks/merge.go:36.17,37.16 1 0
github.com/sap/project-kb/kaybee/internal/tasks/merge.go:40.3,40.35 1 0
github.com/sap/project-kb/kaybee/internal/tasks/merge.go:41.10,42.49 1 0
github.com/sap/project-kb/kaybee/internal/tasks/merge.go:32.16,34.4 1 0
github.com/sap/project-kb/kaybee/internal/tasks/merge.go:37.16,39.4 1 0
github.com/sap/project-kb/kaybee/internal/tasks/merge.go:48.67,51.2 2 1
github.com/sap/project-kb/kaybee/internal/tasks/merge.go:53.42,54.34 1 1
github.com/sap/project-kb/kaybee/internal/tasks/merge.go:58.2,58.24 1 1
github.com/sap/project-kb/kaybee/internal/tasks/merge.go:63.2,63.13 1 1
github.com/sap/project-kb/kaybee/internal/tasks/merge.go:54.34,57.3 2 0
github.com/sap/project-kb/kaybee/internal/tasks/merge.go:58.24,61.3 2 0
github.com/sap/project-kb/kaybee/internal/tasks/merge.go:67.46,69.15 1 1
github.com/sap/project-kb/kaybee/internal/tasks/merge.go:73.2,80.35 4 1
github.com/sap/project-kb/kaybee/internal/tasks/merge.go:98.2,98.15 1 1
github.com/sap/project-kb/kaybee/internal/tasks/merge.go:103.2,104.16 2 1
github.com/sap/project-kb/kaybee/internal/tasks/merge.go:109.2,111.38 2 1
github.com/sap/project-kb/kaybee/internal/tasks/merge.go:118.2,118.15 1 1
github.com/sap/project-kb/kaybee/internal/tasks/merge.go:124.2,133.13 2 1
github.com/sap/project-kb/kaybee/internal/tasks/merge.go:69.15,71.3 1 0
github.com/sap/project-kb/kaybee/internal/tasks/merge.go:80.35,81.16 1 1
github.com/sap/project-kb/kaybee/internal/tasks/merge.go:85.3,88.17 3 1
github.com/sap/project-kb/kaybee/internal/tasks/merge.go:92.3,92.35 1 1
github.com/sap/project-kb/kaybee/internal/tasks/merge.go:81.16,83.4 1 0
github.com/sap/project-kb/kaybee/internal/tasks/merge.go:88.17,90.4 1 0
github.com/sap/project-kb/kaybee/internal/tasks/merge.go:92.35,95.4 2 1
github.com/sap/project-kb/kaybee/internal/tasks/merge.go:98.15,100.3 1 0
github.com/sap/project-kb/kaybee/internal/tasks/merge.go:104.16,106.3 1 0
github.com/sap/project-kb/kaybee/internal/tasks/merge.go:111.38,113.19 1 1
github.com/sap/project-kb/kaybee/internal/tasks/merge.go:116.3,116.34 1 1
github.com/sap/project-kb/kaybee/internal/tasks/merge.go:113.19,115.4 1 0
github.com/sap/project-kb/kaybee/internal/tasks/merge.go:118.15,120.3 1 0
github.com/sap/project-kb/kaybee/internal/tasks/merge.go:120.8,122.3 1 1
github.com/sap/project-kb/kaybee/internal/tasks/pull.go:19.30,23.2 2 1
github.com/sap/project-kb/kaybee/internal/tasks/pull.go:26.65,29.2 2 1
github.com/sap/project-kb/kaybee/internal/tasks/pull.go:31.41,32.24 1 1
github.com/sap/project-kb/kaybee/internal/tasks/pull.go:37.2,37.13 1 1
github.com/sap/project-kb/kaybee/internal/tasks/pull.go:32.24,35.3 2 0
github.com/sap/project-kb/kaybee/internal/tasks/pull.go:41.45,52.32 2 1
github.com/sap/project-kb/kaybee/internal/tasks/pull.go:64.2,64.13 1 1
github.com/sap/project-kb/kaybee/internal/tasks/pull.go:52.32,53.16 1 1
github.com/sap/project-kb/kaybee/internal/tasks/pull.go:56.3,58.16 3 1
github.com/sap/project-kb/kaybee/internal/tasks/pull.go:53.16,55.4 1 0
github.com/sap/project-kb/kaybee/internal/tasks/pull.go:58.16,60.4 1 0
github.com/sap/project-kb/kaybee/internal/tasks/setup.go:20.32,27.2 2 0
github.com/sap/project-kb/kaybee/internal/tasks/setup.go:31.48,34.2 2 0
github.com/sap/project-kb/kaybee/internal/tasks/setup.go:37.61,40.2 2 0
github.com/sap/project-kb/kaybee/internal/tasks/setup.go:43.46,51.33 4 0
github.com/sap/project-kb/kaybee/internal/tasks/setup.go:64.2,65.16 2 0
github.com/sap/project-kb/kaybee/internal/tasks/setup.go:68.2,71.16 3 0
github.com/sap/project-kb/kaybee/internal/tasks/setup.go:74.2,78.16 4 0
github.com/sap/project-kb/kaybee/internal/tasks/setup.go:83.2,84.16 2 0
github.com/sap/project-kb/kaybee/internal/tasks/setup.go:88.2,89.13 2 0
github.com/sap/project-kb/kaybee/internal/tasks/setup.go:51.33,53.14 1 0
github.com/sap/project-kb/kaybee/internal/tasks/setup.go:53.14,55.18 2 0
github.com/sap/project-kb/kaybee/internal/tasks/setup.go:55.18,57.5 1 0
github.com/sap/project-kb/kaybee/internal/tasks/setup.go:58.9,61.4 2 0
github.com/sap/project-kb/kaybee/internal/tasks/setup.go:65.16,67.3 1 0
github.com/sap/project-kb/kaybee/internal/tasks/setup.go:71.16,73.3 1 0
github.com/sap/project-kb/kaybee/internal/tasks/setup.go:78.16,80.3 1 0
github.com/sap/project-kb/kaybee/internal/tasks/setup.go:84.16,86.3 1 0
github.com/sap/project-kb/kaybee/internal/tasks/setup.go:92.32,131.2 1 0
